  [1m[36m (3.3ms)[0m  [1mCREATE TABLE "schema_migrations" ("version" varchar(255) NOT NULL) [0m
  [1m[35m (3.1ms)[0m  CREATE UNIQUE INDEX "unique_schema_migrations" ON "schema_migrations" ("version")
  [1m[36mActiveRecord::SchemaMigration Load (0.2ms)[0m  [1mSELECT "schema_migrations".* FROM "schema_migrations"[0m
Migrating to CreateTableEventLogs (20140217101913)
  [1m[35m (0.1ms)[0m  begin transaction
  [1m[36m (0.3ms)[0m  [1mCREATE TABLE "event_logs" ("id" INTEGER PRIMARY KEY AUTOINCREMENT NOT NULL, "event_type" varchar(255), "item_id" integer, "user_id" integer, "logged_changes" text, "created_at" datetime) [0m
  [1m[35m (0.1ms)[0m  CREATE INDEX "index_event_logs_on_item_id" ON "event_logs" ("item_id")
  [1m[36m (0.1ms)[0m  [1mCREATE INDEX "index_event_logs_on_user_id" ON "event_logs" ("user_id")[0m
  [1m[35m (0.1ms)[0m  CREATE INDEX "index_event_logs_on_created_at" ON "event_logs" ("created_at")
  [1m[36mSQL (0.3ms)[0m  [1mINSERT INTO "schema_migrations" ("version") VALUES (?)[0m  [["version", "20140217101913"]]
  [1m[35m (5.4ms)[0m  commit transaction
  [1m[36mActiveRecord::SchemaMigration Load (0.1ms)[0m  [1mSELECT "schema_migrations".* FROM "schema_migrations"[0m
  [1m[36m (281.9ms)[0m  [1mCREATE TABLE "event_logs" ("id" INTEGER PRIMARY KEY AUTOINCREMENT NOT NULL, "event_type" varchar(255), "item_id" integer, "user_id" integer, "logged_changes" text, "created_at" datetime) [0m
  [1m[35m (4.7ms)[0m  CREATE INDEX "index_event_logs_on_created_at" ON "event_logs" ("created_at")
  [1m[36m (3.4ms)[0m  [1mCREATE INDEX "index_event_logs_on_item_id" ON "event_logs" ("item_id")[0m
  [1m[35m (3.4ms)[0m  CREATE INDEX "index_event_logs_on_user_id" ON "event_logs" ("user_id")
  [1m[36m (3.6ms)[0m  [1mCREATE TABLE "schema_migrations" ("version" varchar(255) NOT NULL) [0m
  [1m[35m (3.4ms)[0m  CREATE UNIQUE INDEX "unique_schema_migrations" ON "schema_migrations" ("version")
  [1m[36m (0.1ms)[0m  [1mSELECT version FROM "schema_migrations"[0m
  [1m[35m (3.7ms)[0m  INSERT INTO "schema_migrations" (version) VALUES ('20140217101913')
  [1m[36m (42.1ms)[0m  [1mCREATE TABLE "event_logs" ("id" INTEGER PRIMARY KEY AUTOINCREMENT NOT NULL, "event_type" varchar(255), "item_id" integer, "user_id" integer, "logged_changes" text, "created_at" datetime) [0m
  [1m[35m (4.3ms)[0m  CREATE INDEX "index_event_logs_on_created_at" ON "event_logs" ("created_at")
  [1m[36m (4.7ms)[0m  [1mCREATE INDEX "index_event_logs_on_item_id" ON "event_logs" ("item_id")[0m
  [1m[35m (4.8ms)[0m  CREATE INDEX "index_event_logs_on_user_id" ON "event_logs" ("user_id")
  [1m[36m (3.4ms)[0m  [1mCREATE TABLE "schema_migrations" ("version" varchar(255) NOT NULL) [0m
  [1m[35m (5.0ms)[0m  CREATE UNIQUE INDEX "unique_schema_migrations" ON "schema_migrations" ("version")
  [1m[36m (0.1ms)[0m  [1mSELECT version FROM "schema_migrations"[0m
  [1m[35m (6.0ms)[0m  INSERT INTO "schema_migrations" (version) VALUES ('20140217101913')
  [1m[36m (219.1ms)[0m  [1mCREATE TABLE `schema_migrations` (`version` varchar(255) NOT NULL) ENGINE=InnoDB[0m
  [1m[35m (163.5ms)[0m  CREATE UNIQUE INDEX `unique_schema_migrations` ON `schema_migrations` (`version`) 
  [1m[36mActiveRecord::SchemaMigration Load (0.3ms)[0m  [1mSELECT `schema_migrations`.* FROM `schema_migrations`[0m
Migrating to CreateTableEventLogs (20140217101913)
  [1m[35m (130.0ms)[0m  CREATE TABLE `event_logs` (`id` int(11) DEFAULT NULL auto_increment PRIMARY KEY, `event_type` varchar(255), `item_id` int(11), `user_id` int(11), `logged_changes` text, `created_at` datetime) ENGINE=InnoDB
  [1m[36m (115.9ms)[0m  [1mCREATE INDEX `index_event_logs_on_item_id` ON `event_logs` (`item_id`) [0m
  [1m[35m (125.9ms)[0m  CREATE INDEX `index_event_logs_on_user_id` ON `event_logs` (`user_id`) 
  [1m[36m (127.7ms)[0m  [1mCREATE INDEX `index_event_logs_on_created_at` ON `event_logs` (`created_at`) [0m
  [1m[35m (0.1ms)[0m  BEGIN
  [1m[36mSQL (0.3ms)[0m  [1mINSERT INTO `schema_migrations` (`version`) VALUES ('20140217101913')[0m
  [1m[35m (1.5ms)[0m  COMMIT
  [1m[36mActiveRecord::SchemaMigration Load (0.2ms)[0m  [1mSELECT `schema_migrations`.* FROM `schema_migrations`[0m
  [1m[36m (63.5ms)[0m  [1mDROP DATABASE IF EXISTS `rails_event_logger_test`[0m
  [1m[35m (0.5ms)[0m  CREATE DATABASE `rails_event_logger_test` DEFAULT CHARACTER SET `utf8` COLLATE `utf8_unicode_ci`
  [1m[36m (69.0ms)[0m  [1mCREATE TABLE `event_logs` (`id` int(11) DEFAULT NULL auto_increment PRIMARY KEY, `event_type` varchar(255), `item_id` int(11), `user_id` int(11), `logged_changes` text, `created_at` datetime) ENGINE=InnoDB[0m
  [1m[35m (93.2ms)[0m  CREATE INDEX `index_event_logs_on_created_at` USING btree ON `event_logs` (`created_at`) 
  [1m[36m (120.2ms)[0m  [1mCREATE INDEX `index_event_logs_on_item_id` USING btree ON `event_logs` (`item_id`) [0m
  [1m[35m (122.0ms)[0m  CREATE INDEX `index_event_logs_on_user_id` USING btree ON `event_logs` (`user_id`) 
  [1m[36m (90.6ms)[0m  [1mCREATE TABLE `schema_migrations` (`version` varchar(255) NOT NULL) ENGINE=InnoDB[0m
  [1m[35m (108.9ms)[0m  CREATE UNIQUE INDEX `unique_schema_migrations` ON `schema_migrations` (`version`) 
  [1m[36m (0.3ms)[0m  [1mSELECT version FROM `schema_migrations`[0m
  [1m[35m (0.9ms)[0m  INSERT INTO `schema_migrations` (version) VALUES ('20140217101913')
  [1m[36mActiveRecord::SchemaMigration Load (0.3ms)[0m  [1mSELECT `schema_migrations`.* FROM `schema_migrations`[0m
Migrating to CreateUsers (20140217111858)
  [1m[35m (152.5ms)[0m  CREATE TABLE `users` (`id` int(11) DEFAULT NULL auto_increment PRIMARY KEY, `name` varchar(255), `created_at` datetime, `updated_at` datetime) ENGINE=InnoDB
  [1m[36m (0.1ms)[0m  [1mBEGIN[0m
  [1m[35mSQL (0.3ms)[0m  INSERT INTO `schema_migrations` (`version`) VALUES ('20140217111858')
  [1m[36m (1.3ms)[0m  [1mCOMMIT[0m
  [1m[35mActiveRecord::SchemaMigration Load (0.2ms)[0m  SELECT `schema_migrations`.* FROM `schema_migrations`
  [1m[36m (86.7ms)[0m  [1mDROP DATABASE IF EXISTS `rails_event_logger_test`[0m
  [1m[35m (0.7ms)[0m  CREATE DATABASE `rails_event_logger_test` DEFAULT CHARACTER SET `utf8` COLLATE `utf8_unicode_ci`
  [1m[36m (90.2ms)[0m  [1mCREATE TABLE `event_logs` (`id` int(11) DEFAULT NULL auto_increment PRIMARY KEY, `event_type` varchar(255), `item_id` int(11), `user_id` int(11), `logged_changes` text, `created_at` datetime) ENGINE=InnoDB[0m
  [1m[35m (132.0ms)[0m  CREATE INDEX `index_event_logs_on_created_at` USING btree ON `event_logs` (`created_at`) 
  [1m[36m (128.2ms)[0m  [1mCREATE INDEX `index_event_logs_on_item_id` USING btree ON `event_logs` (`item_id`) [0m
  [1m[35m (123.3ms)[0m  CREATE INDEX `index_event_logs_on_user_id` USING btree ON `event_logs` (`user_id`) 
  [1m[36m (92.8ms)[0m  [1mCREATE TABLE `users` (`id` int(11) DEFAULT NULL auto_increment PRIMARY KEY, `name` varchar(255), `created_at` datetime, `updated_at` datetime) ENGINE=InnoDB[0m
  [1m[35m (148.9ms)[0m  CREATE TABLE `schema_migrations` (`version` varchar(255) NOT NULL) ENGINE=InnoDB
  [1m[36m (120.3ms)[0m  [1mCREATE UNIQUE INDEX `unique_schema_migrations` ON `schema_migrations` (`version`) [0m
  [1m[35m (0.3ms)[0m  SELECT version FROM `schema_migrations`
  [1m[36m (1.0ms)[0m  [1mINSERT INTO `schema_migrations` (version) VALUES ('20140217111858')[0m
  [1m[35m (0.9ms)[0m  INSERT INTO `schema_migrations` (version) VALUES ('20140217101913')
